C51 COMPILER V9.55   WS                                                                    07/28/2016 22:13:43 PAGE 1   


C51 COMPILER V9.55, COMPILATION OF MODULE WS
OBJECT MODULE PLACED IN .\Objects\ws.obj
COMPILER INVOKED BY: f:\Keil_v5\C51\BIN\C51.EXE ws.c OPTIMIZE(8,SPEED) BROWSE DEBUG OBJECTEXTEND PRINT(.\Listings\ws.lst
                    -) TABS(2) OBJECT(.\Objects\ws.obj)

line level    source

   1          #include <REGX52.H>
   2          #define uint unsigned int
   3          #define uchar unsigned char
   4          sbit D1=P1^0;
   5          void delay();
   6          void main()
   7          {
   8   1        while(1)
   9   1        {
  10   2          D1=0;
  11   2          delay();
  12   2          D1=1;
  13   2          delay();
  14   2        }
  15   1      }
  16          void delay()
  17          {
  18   1        uint x,y;
  19   1        for(x=200;x>0;x--)
  20   1          {
  21   2            for(y=290;y>0;y--);
  22   2          }
  23   1      }


MODULE INFORMATION:   STATIC OVERLAYABLE
   CODE SIZE        =     39    ----
   CONSTANT SIZE    =   ----    ----
   XDATA SIZE       =   ----    ----
   PDATA SIZE       =   ----    ----
   DATA SIZE        =   ----    ----
   IDATA SIZE       =   ----    ----
   BIT SIZE         =   ----    ----
END OF MODULE INFORMATION.


C51 COMPILATION COMPLETE.  0 WARNING(S),  0 ERROR(S)
